#
# A fatal error has been detected by the Java Runtime Environment:
#
#  EXCEPTION_ACCESS_VIOLATION (0xc0000005) at pc=0x000000006d84a486, pid=2696, tid=804
#
# JRE version: 6.0_20-b02
# Java VM: Java HotSpot(TM) 64-Bit Server VM (16.3-b01 mixed mode windows-amd64 )
# Problematic frame:
# V  [jvm.dll+0x5a486]
#
# If you would like to submit a bug report, please visit:
#   http://java.sun.com/webapps/bugreport/crash.jsp
#

---------------  T H R E A D  ---------------

Current thread (0x0000000000523800):  JavaThread "CompilerThread0" daemon [_thread_in_native, id=804, stack(0x000000003d840000,0x000000003d940000)]

siginfo: ExceptionCode=0xc0000005, reading address 0x0000000000000000

Registers:
EAX=0x000000004403b350, EBX=0x0000000044592030, ECX=0x000000004403b320, EDX=0x000000003d93c5a0
ESP=0x000000003d93c140, EBP=0x0000000043479320, ESI=0x000000003d93c5a0, EDI=0x000000004403b320
EIP=0x000000006d84a486, EFLAGS=0x0000000000010202

Top of Stack: (sp=0x000000003d93c140)
0x000000003d93c140:   000000000000006e 000000006db94bf2
0x000000003d93c150:   00000000432f2dc8 000000006db85c5f
0x000000003d93c160:   000000003d93c5a0 0000000000000000
0x000000003d93c170:   0000000000000000 0000000000000000
0x000000003d93c180:   000000004338d3a8 000000006dbd7cc5
0x000000003d93c190:   0000000044592030 0000000000000002
0x000000003d93c1a0:   000000003d93c5a0 000000004403b320
0x000000003d93c1b0:   000000003d93d9c0 0000000000000000
0x000000003d93c1c0:   000000003d93c5a0 000000006dbd6f14
0x000000003d93c1d0:   0000000044592030 0000000000000003
0x000000003d93c1e0:   000000003d93c5a0 000000004403b320
0x000000003d93c1f0:   000000003d93d9c0 0000000000522b90
0x000000003d93c200:   000000003d93e370 000000006db3ddf8
0x000000003d93c210:   0000000044592030 0000000000000001
0x000000003d93c220:   0000000044592030 000000003d93d9c0
0x000000003d93c230:   0000000000000000 000000006dc8b39b 

Instructions: (pc=0x000000006d84a486)
0x000000006d84a476:   e0 48 8b 41 08 4c 8b 60 08 48 8b 68 10 4c 8b f1
0x000000006d84a486:   49 8b 04 24 49 8b cc 45 0f b6 f8 48 8b fa ff 10 


Stack: [0x000000003d840000,0x000000003d940000],  sp=0x000000003d93c140,  free space=3f00000000000000000k
Native frames: (J=compiled Java code, j=interpreted, Vv=VM code, C=native code)
V  [jvm.dll+0x5a486]


Current CompileTask:
C2:268      client.method85(IIIIIIIIIIZI)Z (1957 bytes)


---------------  P R O C E S S  ---------------

Java Threads: ( => current thread )
  0x000000003e664000 JavaThread "Thread-8" [_thread_blocked, id=1148, stack(0x0000000041eb0000,0x0000000041fb0000)]
  0x000000003e665000 JavaThread "Thread-7" [_thread_blocked, id=4636, stack(0x0000000046c80000,0x0000000046d80000)]
  0x00000000437a5000 JavaThread "Thread-6" [_thread_blocked, id=3984, stack(0x0000000044ae0000,0x0000000044be0000)]
  0x000000000024b000 JavaThread "DestroyJavaVM" [_thread_blocked, id=4376, stack(0x0000000002380000,0x0000000002480000)]
  0x000000003d639800 JavaThread "Thread-4" [_thread_in_Java, id=656, stack(0x0000000042e50000,0x0000000042f50000)]
  0x000000003d55f000 JavaThread "D3D Screen Updater" daemon [_thread_blocked, id=5856, stack(0x0000000042d50000,0x0000000042e50000)]
  0x000000003e548800 JavaThread "AWT-EventQueue-0" [_thread_blocked, id=3656, stack(0x0000000041bb0000,0x0000000041cb0000)]
  0x000000003d5b6800 JavaThread "AWT-Windows" daemon [_thread_in_native, id=2692, stack(0x000000003ed90000,0x000000003ee90000)]
  0x000000003d5b3800 JavaThread "AWT-Shutdown" [_thread_blocked, id=5840, stack(0x000000003ec90000,0x000000003ed90000)]
  0x000000003d4f4000 JavaThread "Java2D Disposer" daemon [_thread_blocked, id=2008, stack(0x000000003eb90000,0x000000003ec90000)]
  0x000000003d4ed800 JavaThread "Thread-1" daemon [_thread_blocked, id=3692, stack(0x000000003e440000,0x000000003e540000)]
  0x000000003d483800 JavaThread "Low Memory Detector" daemon [_thread_blocked, id=3080, stack(0x000000003da40000,0x000000003db40000)]
  0x000000000052f000 JavaThread "CompilerThread1" daemon [_thread_blocked, id=3320, stack(0x000000003d940000,0x000000003da40000)]
=>0x0000000000523800 JavaThread "CompilerThread0" daemon [_thread_in_native, id=804, stack(0x000000003d840000,0x000000003d940000)]
  0x0000000000521800 JavaThread "Attach Listener" daemon [_thread_blocked, id=5048, stack(0x000000003d740000,0x000000003d840000)]
  0x000000003d480800 JavaThread "Signal Dispatcher" daemon [_thread_blocked, id=5172, stack(0x000000003d640000,0x000000003d740000)]
  0x000000000050d800 JavaThread "Finalizer" daemon [_thread_blocked, id=2092, stack(0x000000003d340000,0x000000003d440000)]
  0x0000000000504000 JavaThread "Reference Handler" daemon [_thread_blocked, id=4892, stack(0x000000003d240000,0x000000003d340000)]

Other Threads:
  0x00000000004ff800 VMThread [stack: 0x000000003d140000,0x000000003d240000] [id=2224]
  0x000000003d485800 WatcherThread [stack: 0x000000003db40000,0x000000003dc40000] [id=1744]

VM state:not at safepoint (normal execution)

VM Mutex/Monitor currently owned by a thread: None

Heap
 PSYoungGen      total 51648K, used 15436K [0x000000002bea0000, 0x0000000031320000, 0x000000003c940000)
  eden space 18944K, 49% used [0x000000002bea0000,0x000000002c7c30c0,0x000000002d120000)
  from space 32704K, 18% used [0x000000002f330000,0x000000002f9201e0,0x0000000031320000)
  to   space 33792K, 0% used [0x000000002d120000,0x000000002d120000,0x000000002f220000)
 PSOldGen        total 95040K, used 73927K [0x000000000a940000, 0x0000000010610000, 0x000000002bea0000)
  object space 95040K, 77% used [0x000000000a940000,0x000000000f171ff0,0x0000000010610000)
 PSPermGen       total 21248K, used 10176K [0x0000000005540000, 0x0000000006a00000, 0x000000000a940000)
  object space 21248K, 47% used [0x0000000005540000,0x0000000005f300f8,0x0000000006a00000)

Dynamic libraries:
0x0000000000400000 - 0x000000000042e000 	C:\Windows\system32\java.exe
0x0000000077730000 - 0x00000000778dc000 	C:\Windows\SYSTEM32\ntdll.dll
0x0000000077610000 - 0x000000007772f000 	C:\Windows\system32\kernel32.dll
0x000007fefd740000 - 0x000007fefd7ac000 	C:\Windows\system32\KERNELBASE.dll
0x000007fefdd20000 - 0x000007fefddfb000 	C:\Windows\system32\ADVAPI32.dll
0x000007fefec00000 - 0x000007fefec9f000 	C:\Windows\system32\msvcrt.dll
0x000007fefe630000 - 0x000007fefe64f000 	C:\Windows\SYSTEM32\sechost.dll
0x000007fefe7d0000 - 0x000007fefe8fe000 	C:\Windows\system32\RPCRT4.dll
0x000000006d7f0000 - 0x000000006de95000 	C:\Program Files\Java\jre6\bin\server\jvm.dll
0x0000000077510000 - 0x000000007760a000 	C:\Windows\system32\USER32.dll
0x000007fefe570000 - 0x000007fefe5d7000 	C:\Windows\system32\GDI32.dll
0x000007fefdd10000 - 0x000007fefdd1e000 	C:\Windows\system32\LPK.dll
0x000007fefea10000 - 0x000007fefeada000 	C:\Windows\system32\USP10.dll
0x000007fefb660000 - 0x000007fefb69b000 	C:\Windows\system32\WINMM.dll
0x000007fefda60000 - 0x000007fefda8e000 	C:\Windows\system32\IMM32.DLL
0x000007fefe900000 - 0x000007fefea09000 	C:\Windows\system32\MSCTF.dll
0x000000006d760000 - 0x000000006d76e000 	C:\Program Files\Java\jre6\bin\verify.dll
0x000000006d3b0000 - 0x000000006d3d7000 	C:\Program Files\Java\jre6\bin\java.dll
0x000000006d310000 - 0x000000006d31a000 	C:\Program Files\Java\jre6\bin\hpi.dll
0x0000000077900000 - 0x0000000077907000 	C:\Windows\system32\PSAPI.DLL
0x000000006d7b0000 - 0x000000006d7c2000 	C:\Program Files\Java\jre6\bin\zip.dll
0x000000006d000000 - 0x000000006d1c3000 	C:\Program Files\Java\jre6\bin\awt.dll
0x000007fef89b0000 - 0x000007fef8a20000 	C:\Windows\system32\WINSPOOL.DRV
0x000007fefdb00000 - 0x000007fefdd02000 	C:\Windows\system32\ole32.dll
0x000007fefecb0000 - 0x000007feffa36000 	C:\Windows\system32\SHELL32.dll
0x000007fefdf80000 - 0x000007fefdff1000 	C:\Windows\system32\SHLWAPI.dll
0x000007fefc2c0000 - 0x000007fefc4b4000 	C:\Windows\WinSxS\amd64_microsoft.windows.common-controls_6595b64144ccf1df_6.0.7600.16661_none_fa62ad231704eab7\COMCTL32.dll
0x000000006d600000 - 0x000000006d617000 	C:\Program Files\Java\jre6\bin\net.dll
0x000007fefda90000 - 0x000007fefdadd000 	C:\Windows\system32\WS2_32.dll
0x000007fefeca0000 - 0x000007fefeca8000 	C:\Windows\system32\NSI.dll
0x000007fefcec0000 - 0x000007fefcf14000 	C:\Windows\system32\mswsock.dll
0x000007fefceb0000 - 0x000007fefceb7000 	C:\Windows\System32\wship6.dll
0x000007fefb940000 - 0x000007fefb955000 	C:\Windows\system32\NLAapi.dll
0x000007fefcd40000 - 0x000007fefcd9b000 	C:\Windows\system32\DNSAPI.dll
0x000007fef2430000 - 0x000007fef243b000 	C:\Windows\System32\winrnr.dll
0x000007fef2410000 - 0x000007fef2425000 	C:\Windows\system32\napinsp.dll
0x000007fef23f0000 - 0x000007fef2409000 	C:\Windows\system32\pnrpnsp.dll
0x0000000071460000 - 0x000000007148e000 	C:\Program Files\Common Files\Microsoft Shared\Windows Live\WLIDNSP.DLL
0x0000000071430000 - 0x0000000071456000 	C:\Program Files\Bonjour\mdnsNSP.dll
0x000007fefb540000 - 0x000007fefb567000 	C:\Windows\system32\Iphlpapi.DLL
0x000007fefb530000 - 0x000007fefb53b000 	C:\Windows\system32\WINNSI.DLL
0x000007fefc8d0000 - 0x000007fefc8d7000 	C:\Windows\System32\wshtcpip.dll
0x000007fef9b00000 - 0x000007fef9b08000 	C:\Windows\system32\rasadhlp.dll
0x000007fefb380000 - 0x000007fefb3d3000 	C:\Windows\System32\fwpuclnt.dll
0x000007fefb910000 - 0x000007fefb928000 	C:\Windows\system32\DWMAPI.DLL
0x000007fefc0e0000 - 0x000007fefc136000 	C:\Windows\system32\uxtheme.dll
0x000000006d2a0000 - 0x000000006d30b000 	C:\Program Files\Java\jre6\bin\fontmanager.dll
0x000007fefd580000 - 0x000007fefd58f000 	C:\Windows\system32\CRYPTBASE.dll
0x000007feeb260000 - 0x000007feeb45f000 	C:\Windows\system32\d3d9.dll
0x000007fefc800000 - 0x000007fefc80c000 	C:\Windows\system32\VERSION.dll
0x000007fef2e80000 - 0x000007fef2e87000 	C:\Windows\system32\d3d8thk.dll
0x000007fef25c0000 - 0x000007fef25cb000 	C:\Windows\system32\atiu9p64.dll
0x000000005ec70000 - 0x000000005f10d000 	C:\Windows\system32\atiumd64.dll
0x000000005e9c0000 - 0x000000005ec70000 	C:\Windows\system32\atiumd6a.dll
0x000007fefdea0000 - 0x000007fefdf77000 	C:\Windows\system32\OLEAUT32.DLL
0x000000006d620000 - 0x000000006d62b000 	C:\Program Files\Java\jre6\bin\nio.dll

VM Arguments:
jvm_args: -Xmx800M 
java_command: EGUI
Launcher Type: SUN_STANDARD

Environment Variables:
CLASSPATH=.;C:\Program Files (x86)\Java\jre6\lib\ext\QTJava.zip
PATH=C:\Program Files\Common Files\Microsoft Shared\Windows Live;C:\Windows\system32;C:\Windows;C:\Windows\System32\Wbem;C:\Windows\System32\WindowsPowerShell\v1.0\;C:\Program Files (x86)\ATI Technologies\ATI.ACE\Core-Static;C:\Program Files (x86)\Common Files\Roxio Shared\DLLShared\;C:\Program Files (x86)\Common Files\Roxio Shared\DLLShared\;C:\Program Files (x86)\Common Files\Roxio Shared\12.0\DLLShared\;C:\Program Files (x86)\QuickTime\QTSystem\
USERNAME=Michael
OS=Windows_NT
PROCESSOR_IDENTIFIER=AMD64 Family 16 Model 6 Stepping 3, AuthenticAMD



---------------  S Y S T E M  ---------------

OS: Windows 7 Build 7600 

CPU:total 2 (2 cores per cpu, 1 threads per core) family 16 model 6 stepping 3, cmov, cx8, fxsr, mmx, sse, sse2, sse3, popcnt, mmxext, 3dnow, 3dnowext, lzcnt

Memory: 4k page, physical 2878364k(844676k free), swap 5754828k(2560748k free)

vm_info: Java HotSpot(TM) 64-Bit Server VM (16.3-b01) for windows-amd64 JRE (1.6.0_20-b02), built on Apr 12 2010 13:44:19 by "java_re" with MS VC++ 8.0 (VS2005)

time: Wed Jan 18 21:26:32 2012
elapsed time: 61 seconds

